running develop
running egg_info
creating tello.egg-info
writing tello.egg-info/PKG-INFO
writing dependency_links to tello.egg-info/dependency_links.txt
writing entry points to tello.egg-info/entry_points.txt
writing requirements to tello.egg-info/requires.txt
writing top-level names to tello.egg-info/top_level.txt
writing manifest file 'tello.egg-info/SOURCES.txt'
reading manifest file 'tello.egg-info/SOURCES.txt'
writing manifest file 'tello.egg-info/SOURCES.txt'
running build_ext
Creating /app/ros_ws/src/tello-ros2/workspace/install/tello/lib/python3.8/site-packages/site.py
Creating /app/ros_ws/src/tello-ros2/workspace/install/tello/lib/python3.8/site-packages/tello.egg-link (link to .)
Installing tello script to /app/ros_ws/src/tello-ros2/workspace/install/tello/lib/tello

Installed /app/ros_ws/src/tello-ros2/workspace/build/tello
running install_data
creating /app/ros_ws/src/tello-ros2/workspace/install/tello/share/ament_index
creating /app/ros_ws/src/tello-ros2/workspace/install/tello/share/ament_index/resource_index
creating /app/ros_ws/src/tello-ros2/workspace/install/tello/share/ament_index/resource_index/packages
copying resource/tello -> /app/ros_ws/src/tello-ros2/workspace/install/tello/share/ament_index/resource_index/packages
copying package.xml -> /app/ros_ws/src/tello-ros2/workspace/install/tello/share/tello
copying resource/ost.txt -> /app/ros_ws/src/tello-ros2/workspace/install/tello/share/tello
copying resource/ost.yaml -> /app/ros_ws/src/tello-ros2/workspace/install/tello/share/tello
