-- The C compiler identification is GNU 9.4.0
-- The CXX compiler identification is GNU 9.4.0
-- Check for working C compiler: /usr/bin/cc
-- Check for working C compiler: /usr/bin/cc -- works
-- Detecting C compiler ABI info
-- Detecting C compiler ABI info - done
-- Detecting C compile features
-- Detecting C compile features - done
-- Check for working CXX compiler: /usr/bin/c++
-- Check for working CXX compiler: /usr/bin/c++ -- works
-- Detecting CXX compiler ABI info
-- Detecting CXX compiler ABI info - done
-- Detecting CXX compile features
-- Detecting CXX compile features - done
-- Found ament_cmake: 0.9.11 (/opt/ros/foxy/share/ament_cmake/cmake)
-- Found PythonInterp: /usr/bin/python3 (found suitable version "3.8.10", minimum required is "3") 
-- Using PYTHON_EXECUTABLE: /usr/bin/python3
-- Override CMake install command with custom implementation using symlinks instead of copying resources
-- Found rosidl_default_generators: 1.0.1 (/opt/ros/foxy/share/rosidl_default_generators/cmake)
-- Using all available rosidl_typesupport_c: rosidl_typesupport_fastrtps_c;rosidl_typesupport_introspection_c
-- Found rosidl_adapter: 1.3.0 (/opt/ros/foxy/share/rosidl_adapter/cmake)
-- Found OpenSSL: /usr/lib/x86_64-linux-gnu/libcrypto.so (found version "1.1.1f")  
-- Found FastRTPS: /opt/ros/foxy/include  
-- Using all available rosidl_typesupport_cpp: rosidl_typesupport_fastrtps_cpp;rosidl_typesupport_introspection_cpp
-- Found std_msgs: 2.0.5 (/opt/ros/foxy/share/std_msgs/cmake)
-- Found geometry_msgs: 2.0.5 (/opt/ros/foxy/share/geometry_msgs/cmake)
-- Found PythonInterp: /usr/bin/python3 (found version "3.8.10") 
-- Found ament_cmake_cppcheck: 0.9.8 (/opt/ros/foxy/share/ament_cmake_cppcheck/cmake)
-- Found ament_cmake_cpplint: 0.9.8 (/opt/ros/foxy/share/ament_cmake_cpplint/cmake)
-- Found ament_cmake_uncrustify: 0.9.8 (/opt/ros/foxy/share/ament_cmake_uncrustify/cmake)
-- Found ament_cmake_ros: 0.9.2 (/opt/ros/foxy/share/ament_cmake_ros/cmake)
-- Using all available rosidl_typesupport_c: rosidl_typesupport_fastrtps_c;rosidl_typesupport_introspection_c
-- Using all available rosidl_typesupport_cpp: rosidl_typesupport_fastrtps_cpp;rosidl_typesupport_introspection_cpp
-- Found PythonInterp: /usr/bin/python3 (found suitable version "3.8.10", minimum required is "3.5") 
-- Found python_cmake_module: 0.8.1 (/opt/ros/foxy/share/python_cmake_module/cmake)
-- Found PythonLibs: /usr/lib/x86_64-linux-gnu/libpython3.8.so (found suitable version "3.8.10", minimum required is "3.5") 
-- Using PYTHON_EXECUTABLE: /usr/bin/python3
-- Using PYTHON_INCLUDE_DIRS: /usr/include/python3.8
-- Using PYTHON_LIBRARIES: /usr/lib/x86_64-linux-gnu/libpython3.8.so
-- Found PythonExtra: .so  
-- Found ament_cmake_flake8: 0.9.8 (/opt/ros/foxy/share/ament_cmake_flake8/cmake)
-- Found ament_cmake_pep257: 0.9.8 (/opt/ros/foxy/share/ament_cmake_pep257/cmake)
-- Configuring done
-- Generating done
-- Build files have been written to: /app/ros_ws/src/tello-ros2/workspace/build/tello_msg
[35m[1mScanning dependencies of target tello_msg__cpp[0m
[  2%] [34m[1mGenerating C code for ROS interfaces[0m
[  4%] [34m[1mGenerating C++ code for ROS interfaces[0m
[  4%] Built target tello_msg__cpp
[  8%] [34m[1mGenerating C++ type support dispatch for ROS interfaces[0m
[  8%] [34m[1mGenerating C++ type support for eProsima Fast-RTPS[0m
[ 10%] [34m[1mGenerating C++ introspection for ROS interfaces[0m
[35m[1mScanning dependencies of target tello_msg__rosidl_generator_c[0m
[35m[1mScanning dependencies of target tello_msg__rosidl_typesupport_cpp[0m
[ 12%] [32mBuilding C object CMakeFiles/tello_msg__rosidl_generator_c.dir/rosidl_generator_c/tello_msg/msg/detail/tello_status__functions.c.o[0m
[35m[1mScanning dependencies of target tello_msg__rosidl_typesupport_introspection_cpp[0m
[ 14%] [32mBuilding C object CMakeFiles/tello_msg__rosidl_generator_c.dir/rosidl_generator_c/tello_msg/msg/detail/tello_id__functions.c.o[0m
[ 17%] [32mBuilding C object CMakeFiles/tello_msg__rosidl_generator_c.dir/rosidl_generator_c/tello_msg/msg/detail/tello_wifi_config__functions.c.o[0m
[35m[1mScanning dependencies of target tello_msg__rosidl_typesupport_fastrtps_cpp[0m
[ 19%] [32m[1mLinking C shared library libtello_msg__rosidl_generator_c.so[0m
[ 21%] [32mBuilding CXX object CMakeFiles/tello_msg__rosidl_typesupport_cpp.dir/rosidl_typesupport_cpp/tello_msg/msg/tello_status__type_support.cpp.o[0m
[ 23%] [32mBuilding CXX object CMakeFiles/tello_msg__rosidl_typesupport_cpp.dir/rosidl_typesupport_cpp/tello_msg/msg/tello_id__type_support.cpp.o[0m
[ 25%] [32mBuilding CXX object CMakeFiles/tello_msg__rosidl_typesupport_cpp.dir/rosidl_typesupport_cpp/tello_msg/msg/tello_wifi_config__type_support.cpp.o[0m
[ 25%] Built target tello_msg__rosidl_generator_c
[ 27%] [32mBuilding CXX object CMakeFiles/tello_msg__rosidl_typesupport_introspection_cpp.dir/rosidl_typesupport_introspection_cpp/tello_msg/msg/detail/tello_status__type_support.cpp.o[0m
[ 29%] [32mBuilding CXX object CMakeFiles/tello_msg__rosidl_typesupport_introspection_cpp.dir/rosidl_typesupport_introspection_cpp/tello_msg/msg/detail/tello_id__type_support.cpp.o[0m
[ 34%] [34m[1mGenerating C type support dispatch for ROS interfaces[0m
[ 34%] [32mBuilding CXX object CMakeFiles/tello_msg__rosidl_typesupport_introspection_cpp.dir/rosidl_typesupport_introspection_cpp/tello_msg/msg/detail/tello_wifi_config__type_support.cpp.o[0m
[ 36%] [34m[1mGenerating C introspection for ROS interfaces[0m
[ 38%] [32m[1mLinking CXX shared library libtello_msg__rosidl_typesupport_cpp.so[0m
[35m[1mScanning dependencies of target tello_msg__rosidl_typesupport_c[0m
[ 38%] Built target tello_msg__rosidl_typesupport_cpp
[ 40%] [32mBuilding CXX object CMakeFiles/tello_msg__rosidl_typesupport_fastrtps_cpp.dir/rosidl_typesupport_fastrtps_cpp/tello_msg/msg/detail/dds_fastrtps/tello_status__type_support.cpp.o[0m
[ 42%] [32mBuilding CXX object CMakeFiles/tello_msg__rosidl_typesupport_fastrtps_cpp.dir/rosidl_typesupport_fastrtps_cpp/tello_msg/msg/detail/dds_fastrtps/tello_id__type_support.cpp.o[0m
[ 44%] [32mBuilding CXX object CMakeFiles/tello_msg__rosidl_typesupport_fastrtps_cpp.dir/rosidl_typesupport_fastrtps_cpp/tello_msg/msg/detail/dds_fastrtps/tello_wifi_config__type_support.cpp.o[0m
[35m[1mScanning dependencies of target tello_msg__rosidl_typesupport_introspection_c[0m
[ 46%] [32m[1mLinking CXX shared library libtello_msg__rosidl_typesupport_introspection_cpp.so[0m
[ 48%] [32mBuilding CXX object CMakeFiles/tello_msg__rosidl_typesupport_c.dir/rosidl_typesupport_c/tello_msg/msg/tello_status__type_support.cpp.o[0m
[ 51%] Built target tello_msg__rosidl_typesupport_introspection_cpp
[ 51%] [32mBuilding CXX object CMakeFiles/tello_msg__rosidl_typesupport_c.dir/rosidl_typesupport_c/tello_msg/msg/tello_id__type_support.cpp.o[0m
[ 53%] [32mBuilding CXX object CMakeFiles/tello_msg__rosidl_typesupport_c.dir/rosidl_typesupport_c/tello_msg/msg/tello_wifi_config__type_support.cpp.o[0m
[ 55%] [32m[1mLinking CXX shared library libtello_msg__rosidl_typesupport_c.so[0m
[ 57%] [32mBuilding C object CMakeFiles/tello_msg__rosidl_typesupport_introspection_c.dir/rosidl_typesupport_introspection_c/tello_msg/msg/detail/tello_status__type_support.c.o[0m
[ 59%] [32mBuilding C object CMakeFiles/tello_msg__rosidl_typesupport_introspection_c.dir/rosidl_typesupport_introspection_c/tello_msg/msg/detail/tello_id__type_support.c.o[0m
[ 59%] Built target tello_msg__rosidl_typesupport_c
[ 63%] [32mBuilding C object CMakeFiles/tello_msg__rosidl_typesupport_introspection_c.dir/rosidl_typesupport_introspection_c/tello_msg/msg/detail/tello_wifi_config__type_support.c.o[0m
[ 63%] [32m[1mLinking CXX shared library libtello_msg__rosidl_typesupport_fastrtps_cpp.so[0m
[ 65%] [32m[1mLinking C shared library libtello_msg__rosidl_typesupport_introspection_c.so[0m
[ 65%] Built target tello_msg__rosidl_typesupport_fastrtps_cpp
[ 68%] [34m[1mGenerating C type support for eProsima Fast-RTPS[0m
[ 68%] Built target tello_msg__rosidl_typesupport_introspection_c
[35m[1mScanning dependencies of target tello_msg__rosidl_typesupport_fastrtps_c[0m
[ 70%] [32mBuilding CXX object CMakeFiles/tello_msg__rosidl_typesupport_fastrtps_c.dir/rosidl_typesupport_fastrtps_c/tello_msg/msg/detail/tello_status__type_support_c.cpp.o[0m
[ 72%] [32mBuilding CXX object CMakeFiles/tello_msg__rosidl_typesupport_fastrtps_c.dir/rosidl_typesupport_fastrtps_c/tello_msg/msg/detail/tello_id__type_support_c.cpp.o[0m
[ 74%] [32mBuilding CXX object CMakeFiles/tello_msg__rosidl_typesupport_fastrtps_c.dir/rosidl_typesupport_fastrtps_c/tello_msg/msg/detail/tello_wifi_config__type_support_c.cpp.o[0m
[ 76%] [32m[1mLinking CXX shared library libtello_msg__rosidl_typesupport_fastrtps_c.so[0m
[ 76%] Built target tello_msg__rosidl_typesupport_fastrtps_c
[35m[1mScanning dependencies of target tello_msg[0m
[ 76%] Built target tello_msg
[35m[1mScanning dependencies of target tello_msg__py[0m
[ 78%] [34m[1mGenerating Python code for ROS interfaces[0m
[ 78%] Built target tello_msg__py
[35m[1mScanning dependencies of target tello_msg__python[0m
[ 80%] [32mBuilding C object CMakeFiles/tello_msg__python.dir/rosidl_generator_py/tello_msg/msg/_tello_status_s.c.o[0m
[ 82%] [32mBuilding C object CMakeFiles/tello_msg__python.dir/rosidl_generator_py/tello_msg/msg/_tello_id_s.c.o[0m
[ 85%] [32mBuilding C object CMakeFiles/tello_msg__python.dir/rosidl_generator_py/tello_msg/msg/_tello_wifi_config_s.c.o[0m
[ 87%] [32m[1mLinking C shared library rosidl_generator_py/tello_msg/libtello_msg__python.so[0m
[ 87%] Built target tello_msg__python
[35m[1mScanning dependencies of target tello_msg__rosidl_typesupport_introspection_c__pyext[0m
[35m[1mScanning dependencies of target tello_msg__rosidl_typesupport_c__pyext[0m
[35m[1mScanning dependencies of target tello_msg__rosidl_typesupport_fastrtps_c__pyext[0m
[ 89%] [32mBuilding C object CMakeFiles/tello_msg__rosidl_typesupport_c__pyext.dir/rosidl_generator_py/tello_msg/_tello_msg_s.ep.rosidl_typesupport_c.c.o[0m
[ 91%] [32mBuilding C object CMakeFiles/tello_msg__rosidl_typesupport_introspection_c__pyext.dir/rosidl_generator_py/tello_msg/_tello_msg_s.ep.rosidl_typesupport_introspection_c.c.o[0m
[ 93%] [32mBuilding C object CMakeFiles/tello_msg__rosidl_typesupport_fastrtps_c__pyext.dir/rosidl_generator_py/tello_msg/_tello_msg_s.ep.rosidl_typesupport_fastrtps_c.c.o[0m
[ 95%] [32m[1mLinking C shared library rosidl_generator_py/tello_msg/tello_msg_s__rosidl_typesupport_c.cpython-38-x86_64-linux-gnu.so[0m
[ 97%] [32m[1mLinking C shared library rosidl_generator_py/tello_msg/tello_msg_s__rosidl_typesupport_introspection_c.cpython-38-x86_64-linux-gnu.so[0m
[ 97%] Built target tello_msg__rosidl_typesupport_c__pyext
[ 97%] Built target tello_msg__rosidl_typesupport_introspection_c__pyext
[100%] [32m[1mLinking CXX shared library rosidl_generator_py/tello_msg/tello_msg_s__rosidl_typesupport_fastrtps_c.cpython-38-x86_64-linux-gnu.so[0m
[100%] Built target tello_msg__rosidl_typesupport_fastrtps_c__pyext
-- Install configuration: ""
-- Execute custom install script
-- Symlinking: /app/ros_ws/src/tello-ros2/workspace/install/tello_msg/share/ament_index/resource_index/rosidl_interfaces/tello_msg
-- Symlinking: /app/ros_ws/src/tello-ros2/workspace/install/tello_msg/include/tello_msg/msg/detail/tello_id__functions.h
-- Symlinking: /app/ros_ws/src/tello-ros2/workspace/install/tello_msg/include/tello_msg/msg/detail/tello_id__struct.h
-- Symlinking: /app/ros_ws/src/tello-ros2/workspace/install/tello_msg/include/tello_msg/msg/detail/tello_id__type_support.h
-- Symlinking: /app/ros_ws/src/tello-ros2/workspace/install/tello_msg/include/tello_msg/msg/detail/tello_status__functions.h
-- Symlinking: /app/ros_ws/src/tello-ros2/workspace/install/tello_msg/include/tello_msg/msg/detail/tello_status__struct.h
-- Symlinking: /app/ros_ws/src/tello-ros2/workspace/install/tello_msg/include/tello_msg/msg/detail/tello_status__type_support.h
-- Symlinking: /app/ros_ws/src/tello-ros2/workspace/install/tello_msg/include/tello_msg/msg/detail/tello_wifi_config__functions.h
-- Symlinking: /app/ros_ws/src/tello-ros2/workspace/install/tello_msg/include/tello_msg/msg/detail/tello_wifi_config__struct.h
-- Symlinking: /app/ros_ws/src/tello-ros2/workspace/install/tello_msg/include/tello_msg/msg/detail/tello_wifi_config__type_support.h
-- Symlinking: /app/ros_ws/src/tello-ros2/workspace/install/tello_msg/include/tello_msg/msg/rosidl_generator_c__visibility_control.h
-- Symlinking: /app/ros_ws/src/tello-ros2/workspace/install/tello_msg/include/tello_msg/msg/tello_id.h
-- Symlinking: /app/ros_ws/src/tello-ros2/workspace/install/tello_msg/include/tello_msg/msg/tello_status.h
-- Symlinking: /app/ros_ws/src/tello-ros2/workspace/install/tello_msg/include/tello_msg/msg/tello_wifi_config.h
-- Symlinking: /app/ros_ws/src/tello-ros2/workspace/install/tello_msg/share/tello_msg/environment/library_path.sh
-- Symlinking: /app/ros_ws/src/tello-ros2/workspace/install/tello_msg/share/tello_msg/environment/library_path.dsv
-- Symlinking: /app/ros_ws/src/tello-ros2/workspace/install/tello_msg/include/tello_msg/msg/detail/tello_id__rosidl_typesupport_fastrtps_c.h
-- Symlinking: /app/ros_ws/src/tello-ros2/workspace/install/tello_msg/include/tello_msg/msg/detail/tello_status__rosidl_typesupport_fastrtps_c.h
-- Symlinking: /app/ros_ws/src/tello-ros2/workspace/install/tello_msg/include/tello_msg/msg/detail/tello_wifi_config__rosidl_typesupport_fastrtps_c.h
-- Symlinking: /app/ros_ws/src/tello-ros2/workspace/install/tello_msg/include/tello_msg/msg/rosidl_typesupport_fastrtps_c__visibility_control.h
-- Symlinking: /app/ros_ws/src/tello-ros2/workspace/install/tello_msg/lib/libtello_msg__rosidl_typesupport_fastrtps_c.so
-- Symlinking: /app/ros_ws/src/tello-ros2/workspace/install/tello_msg/include/tello_msg/msg/detail/tello_id__rosidl_typesupport_fastrtps_cpp.hpp
-- Symlinking: /app/ros_ws/src/tello-ros2/workspace/install/tello_msg/include/tello_msg/msg/detail/tello_status__rosidl_typesupport_fastrtps_cpp.hpp
-- Symlinking: /app/ros_ws/src/tello-ros2/workspace/install/tello_msg/include/tello_msg/msg/detail/tello_wifi_config__rosidl_typesupport_fastrtps_cpp.hpp
-- Symlinking: /app/ros_ws/src/tello-ros2/workspace/install/tello_msg/include/tello_msg/msg/rosidl_typesupport_fastrtps_cpp__visibility_control.h
-- Symlinking: /app/ros_ws/src/tello-ros2/workspace/install/tello_msg/lib/libtello_msg__rosidl_typesupport_fastrtps_cpp.so
-- Symlinking: /app/ros_ws/src/tello-ros2/workspace/install/tello_msg/include/tello_msg/msg/detail/tello_id__rosidl_typesupport_introspection_c.h
-- Symlinking: /app/ros_ws/src/tello-ros2/workspace/install/tello_msg/include/tello_msg/msg/detail/tello_status__rosidl_typesupport_introspection_c.h
-- Symlinking: /app/ros_ws/src/tello-ros2/workspace/install/tello_msg/include/tello_msg/msg/detail/tello_wifi_config__rosidl_typesupport_introspection_c.h
-- Symlinking: /app/ros_ws/src/tello-ros2/workspace/install/tello_msg/include/tello_msg/msg/rosidl_typesupport_introspection_c__visibility_control.h
-- Symlinking: /app/ros_ws/src/tello-ros2/workspace/install/tello_msg/include/tello_msg/msg/detail/tello_id__builder.hpp
-- Symlinking: /app/ros_ws/src/tello-ros2/workspace/install/tello_msg/include/tello_msg/msg/detail/tello_id__struct.hpp
-- Symlinking: /app/ros_ws/src/tello-ros2/workspace/install/tello_msg/include/tello_msg/msg/detail/tello_id__traits.hpp
-- Symlinking: /app/ros_ws/src/tello-ros2/workspace/install/tello_msg/include/tello_msg/msg/detail/tello_status__builder.hpp
-- Symlinking: /app/ros_ws/src/tello-ros2/workspace/install/tello_msg/include/tello_msg/msg/detail/tello_status__struct.hpp
-- Symlinking: /app/ros_ws/src/tello-ros2/workspace/install/tello_msg/include/tello_msg/msg/detail/tello_status__traits.hpp
-- Symlinking: /app/ros_ws/src/tello-ros2/workspace/install/tello_msg/include/tello_msg/msg/detail/tello_wifi_config__builder.hpp
-- Symlinking: /app/ros_ws/src/tello-ros2/workspace/install/tello_msg/include/tello_msg/msg/detail/tello_wifi_config__struct.hpp
-- Symlinking: /app/ros_ws/src/tello-ros2/workspace/install/tello_msg/include/tello_msg/msg/detail/tello_wifi_config__traits.hpp
-- Symlinking: /app/ros_ws/src/tello-ros2/workspace/install/tello_msg/include/tello_msg/msg/tello_id.hpp
-- Symlinking: /app/ros_ws/src/tello-ros2/workspace/install/tello_msg/include/tello_msg/msg/tello_status.hpp
-- Symlinking: /app/ros_ws/src/tello-ros2/workspace/install/tello_msg/include/tello_msg/msg/tello_wifi_config.hpp
-- Symlinking: /app/ros_ws/src/tello-ros2/workspace/install/tello_msg/include/tello_msg/msg/detail/tello_id__rosidl_typesupport_introspection_cpp.hpp
-- Symlinking: /app/ros_ws/src/tello-ros2/workspace/install/tello_msg/include/tello_msg/msg/detail/tello_status__rosidl_typesupport_introspection_cpp.hpp
-- Symlinking: /app/ros_ws/src/tello-ros2/workspace/install/tello_msg/include/tello_msg/msg/detail/tello_wifi_config__rosidl_typesupport_introspection_cpp.hpp
-- Symlinking: /app/ros_ws/src/tello-ros2/workspace/install/tello_msg/share/tello_msg/environment/pythonpath.sh
-- Symlinking: /app/ros_ws/src/tello-ros2/workspace/install/tello_msg/share/tello_msg/environment/pythonpath.dsv
-- Symlinking: /app/ros_ws/src/tello-ros2/workspace/install/tello_msg/lib/python3.8/site-packages/tello_msg/__init__.py
-- Symlinking: /app/ros_ws/src/tello-ros2/workspace/install/tello_msg/lib/python3.8/site-packages/tello_msg/msg/__init__.py
-- Symlinking: /app/ros_ws/src/tello-ros2/workspace/install/tello_msg/lib/python3.8/site-packages/tello_msg/msg/_tello_id.py
-- Symlinking: /app/ros_ws/src/tello-ros2/workspace/install/tello_msg/lib/python3.8/site-packages/tello_msg/msg/_tello_status.py
-- Symlinking: /app/ros_ws/src/tello-ros2/workspace/install/tello_msg/lib/python3.8/site-packages/tello_msg/msg/_tello_wifi_config.py
-- Symlinking: /app/ros_ws/src/tello-ros2/workspace/install/tello_msg/lib/python3.8/site-packages/tello_msg/tello_msg_s__rosidl_typesupport_fastrtps_c.cpython-38-x86_64-linux-gnu.so
-- Symlinking: /app/ros_ws/src/tello-ros2/workspace/install/tello_msg/lib/python3.8/site-packages/tello_msg/tello_msg_s__rosidl_typesupport_introspection_c.cpython-38-x86_64-linux-gnu.so
-- Symlinking: /app/ros_ws/src/tello-ros2/workspace/install/tello_msg/lib/python3.8/site-packages/tello_msg/tello_msg_s__rosidl_typesupport_c.cpython-38-x86_64-linux-gnu.so
-- Symlinking: /app/ros_ws/src/tello-ros2/workspace/install/tello_msg/lib/libtello_msg__python.so
-- Symlinking: /app/ros_ws/src/tello-ros2/workspace/install/tello_msg/share/tello_msg/msg/TelloStatus.idl
-- Symlinking: /app/ros_ws/src/tello-ros2/workspace/install/tello_msg/share/tello_msg/msg/TelloID.idl
-- Symlinking: /app/ros_ws/src/tello-ros2/workspace/install/tello_msg/share/tello_msg/msg/TelloWifiConfig.idl
-- Symlinking: /app/ros_ws/src/tello-ros2/workspace/install/tello_msg/share/tello_msg/msg/TelloStatus.msg
-- Symlinking: /app/ros_ws/src/tello-ros2/workspace/install/tello_msg/share/tello_msg/msg/TelloID.msg
-- Symlinking: /app/ros_ws/src/tello-ros2/workspace/install/tello_msg/share/tello_msg/msg/TelloWifiConfig.msg
-- Symlinking: /app/ros_ws/src/tello-ros2/workspace/install/tello_msg/share/ament_index/resource_index/package_run_dependencies/tello_msg
-- Symlinking: /app/ros_ws/src/tello-ros2/workspace/install/tello_msg/share/ament_index/resource_index/parent_prefix_path/tello_msg
-- Symlinking: /app/ros_ws/src/tello-ros2/workspace/install/tello_msg/share/tello_msg/environment/ament_prefix_path.sh
-- Symlinking: /app/ros_ws/src/tello-ros2/workspace/install/tello_msg/share/tello_msg/environment/ament_prefix_path.dsv
-- Symlinking: /app/ros_ws/src/tello-ros2/workspace/install/tello_msg/share/tello_msg/environment/path.sh
-- Symlinking: /app/ros_ws/src/tello-ros2/workspace/install/tello_msg/share/tello_msg/environment/path.dsv
-- Symlinking: /app/ros_ws/src/tello-ros2/workspace/install/tello_msg/share/tello_msg/local_setup.bash
-- Symlinking: /app/ros_ws/src/tello-ros2/workspace/install/tello_msg/share/tello_msg/local_setup.sh
-- Symlinking: /app/ros_ws/src/tello-ros2/workspace/install/tello_msg/share/tello_msg/local_setup.zsh
-- Symlinking: /app/ros_ws/src/tello-ros2/workspace/install/tello_msg/share/tello_msg/local_setup.dsv
-- Symlinking: /app/ros_ws/src/tello-ros2/workspace/install/tello_msg/share/tello_msg/package.dsv
-- Symlinking: /app/ros_ws/src/tello-ros2/workspace/install/tello_msg/share/ament_index/resource_index/packages/tello_msg
-- Symlinking: /app/ros_ws/src/tello-ros2/workspace/install/tello_msg/share/tello_msg/cmake/rosidl_cmake-extras.cmake
-- Symlinking: /app/ros_ws/src/tello-ros2/workspace/install/tello_msg/share/tello_msg/cmake/ament_cmake_export_dependencies-extras.cmake
-- Symlinking: /app/ros_ws/src/tello-ros2/workspace/install/tello_msg/share/tello_msg/cmake/ament_cmake_export_libraries-extras.cmake
-- Symlinking: /app/ros_ws/src/tello-ros2/workspace/install/tello_msg/share/tello_msg/cmake/ament_cmake_export_targets-extras.cmake
-- Symlinking: /app/ros_ws/src/tello-ros2/workspace/install/tello_msg/share/tello_msg/cmake/ament_cmake_export_include_directories-extras.cmake
-- Symlinking: /app/ros_ws/src/tello-ros2/workspace/install/tello_msg/share/tello_msg/cmake/rosidl_cmake_export_typesupport_libraries-extras.cmake
-- Symlinking: /app/ros_ws/src/tello-ros2/workspace/install/tello_msg/share/tello_msg/cmake/rosidl_cmake_export_typesupport_targets-extras.cmake
-- Symlinking: /app/ros_ws/src/tello-ros2/workspace/install/tello_msg/share/tello_msg/cmake/tello_msgConfig.cmake
-- Symlinking: /app/ros_ws/src/tello-ros2/workspace/install/tello_msg/share/tello_msg/cmake/tello_msgConfig-version.cmake
-- Symlinking: /app/ros_ws/src/tello-ros2/workspace/install/tello_msg/share/tello_msg/package.xml
-- Installing: /app/ros_ws/src/tello-ros2/workspace/install/tello_msg/lib/libtello_msg__rosidl_generator_c.so
-- Set runtime path of "/app/ros_ws/src/tello-ros2/workspace/install/tello_msg/lib/libtello_msg__rosidl_generator_c.so" to ""
-- Installing: /app/ros_ws/src/tello-ros2/workspace/install/tello_msg/lib/libtello_msg__rosidl_typesupport_introspection_c.so
-- Set runtime path of "/app/ros_ws/src/tello-ros2/workspace/install/tello_msg/lib/libtello_msg__rosidl_typesupport_introspection_c.so" to ""
-- Installing: /app/ros_ws/src/tello-ros2/workspace/install/tello_msg/lib/libtello_msg__rosidl_typesupport_c.so
-- Set runtime path of "/app/ros_ws/src/tello-ros2/workspace/install/tello_msg/lib/libtello_msg__rosidl_typesupport_c.so" to ""
-- Installing: /app/ros_ws/src/tello-ros2/workspace/install/tello_msg/lib/libtello_msg__rosidl_typesupport_introspection_cpp.so
-- Set runtime path of "/app/ros_ws/src/tello-ros2/workspace/install/tello_msg/lib/libtello_msg__rosidl_typesupport_introspection_cpp.so" to ""
-- Installing: /app/ros_ws/src/tello-ros2/workspace/install/tello_msg/lib/libtello_msg__rosidl_typesupport_cpp.so
-- Set runtime path of "/app/ros_ws/src/tello-ros2/workspace/install/tello_msg/lib/libtello_msg__rosidl_typesupport_cpp.so" to ""
Compiling '/app/ros_ws/src/tello-ros2/workspace/install/tello_msg/lib/python3.8/site-packages/tello_msg/__init__.py'...
-- Installing: /app/ros_ws/src/tello-ros2/workspace/install/tello_msg/share/tello_msg/cmake/tello_msg__rosidl_generator_cExport.cmake
-- Installing: /app/ros_ws/src/tello-ros2/workspace/install/tello_msg/share/tello_msg/cmake/tello_msg__rosidl_generator_cExport-noconfig.cmake
-- Installing: /app/ros_ws/src/tello-ros2/workspace/install/tello_msg/share/tello_msg/cmake/tello_msg__rosidl_typesupport_introspection_cExport.cmake
-- Installing: /app/ros_ws/src/tello-ros2/workspace/install/tello_msg/share/tello_msg/cmake/tello_msg__rosidl_typesupport_introspection_cExport-noconfig.cmake
-- Installing: /app/ros_ws/src/tello-ros2/workspace/install/tello_msg/share/tello_msg/cmake/tello_msg__rosidl_typesupport_cExport.cmake
-- Installing: /app/ros_ws/src/tello-ros2/workspace/install/tello_msg/share/tello_msg/cmake/tello_msg__rosidl_typesupport_cExport-noconfig.cmake
-- Installing: /app/ros_ws/src/tello-ros2/workspace/install/tello_msg/share/tello_msg/cmake/tello_msg__rosidl_generator_cppExport.cmake
-- Installing: /app/ros_ws/src/tello-ros2/workspace/install/tello_msg/share/tello_msg/cmake/tello_msg__rosidl_typesupport_introspection_cppExport.cmake
-- Installing: /app/ros_ws/src/tello-ros2/workspace/install/tello_msg/share/tello_msg/cmake/tello_msg__rosidl_typesupport_introspection_cppExport-noconfig.cmake
-- Installing: /app/ros_ws/src/tello-ros2/workspace/install/tello_msg/share/tello_msg/cmake/tello_msg__rosidl_typesupport_cppExport.cmake
-- Installing: /app/ros_ws/src/tello-ros2/workspace/install/tello_msg/share/tello_msg/cmake/tello_msg__rosidl_typesupport_cppExport-noconfig.cmake
