-- The C compiler identification is GNU 9.4.0
-- The CXX compiler identification is GNU 9.4.0
-- Check for working C compiler: /usr/bin/cc
-- Check for working C compiler: /usr/bin/cc -- works
-- Detecting C compiler ABI info
-- Detecting C compiler ABI info - done
-- Detecting C compile features
-- Detecting C compile features - done
-- Check for working CXX compiler: /usr/bin/c++
-- Check for working CXX compiler: /usr/bin/c++ -- works
-- Detecting CXX compiler ABI info
-- Detecting CXX compiler ABI info - done
-- Detecting CXX compile features
-- Detecting CXX compile features - done
-- Found OpenCV version 4.2.0
-- Found ament_cmake: 0.9.11 (/opt/ros/foxy/share/ament_cmake/cmake)
-- Found PythonInterp: /usr/bin/python3 (found suitable version "3.8.10", minimum required is "3") 
-- Using PYTHON_EXECUTABLE: /usr/bin/python3
-- Override CMake install command with custom implementation using symlinks instead of copying resources
-- Found rclcpp: 2.4.2 (/opt/ros/foxy/share/rclcpp/cmake)
-- Using all available rosidl_typesupport_c: rosidl_typesupport_fastrtps_c;rosidl_typesupport_introspection_c
-- Found rosidl_adapter: 1.3.0 (/opt/ros/foxy/share/rosidl_adapter/cmake)
-- Found OpenSSL: /usr/lib/x86_64-linux-gnu/libcrypto.so (found version "1.1.1f")  
-- Found FastRTPS: /opt/ros/foxy/include  
-- Using all available rosidl_typesupport_cpp: rosidl_typesupport_fastrtps_cpp;rosidl_typesupport_introspection_cpp
-- Found rmw_implementation_cmake: 1.0.4 (/opt/ros/foxy/share/rmw_implementation_cmake/cmake)
-- Using RMW implementation 'rmw_fastrtps_cpp' as default
-- Looking for pthread.h
-- Looking for pthread.h - found
-- Performing Test CMAKE_HAVE_LIBC_PTHREAD
-- Performing Test CMAKE_HAVE_LIBC_PTHREAD - Failed
-- Looking for pthread_create in pthreads
-- Looking for pthread_create in pthreads - not found
-- Looking for pthread_create in pthread
-- Looking for pthread_create in pthread - found
-- Found Threads: TRUE  
-- Found geometry_msgs: 2.0.5 (/opt/ros/foxy/share/geometry_msgs/cmake)
-- Configuring done
-- Generating done
-- Build files have been written to: /app/ros_ws/src/tello-ros2/workspace/build/tello_control
[35m[1mScanning dependencies of target tello_control[0m
[ 50%] [32mBuilding CXX object CMakeFiles/tello_control.dir/src/main.cpp.o[0m
[100%] [32m[1mLinking CXX executable tello_control[0m
[100%] Built target tello_control
-- Install configuration: ""
-- Execute custom install script
-- Symlinking: /app/ros_ws/src/tello-ros2/workspace/install/tello_control/lib/tello_control/tello_control
-- Symlinking: /app/ros_ws/src/tello-ros2/workspace/install/tello_control/share/ament_index/resource_index/package_run_dependencies/tello_control
-- Symlinking: /app/ros_ws/src/tello-ros2/workspace/install/tello_control/share/ament_index/resource_index/parent_prefix_path/tello_control
-- Symlinking: /app/ros_ws/src/tello-ros2/workspace/install/tello_control/share/tello_control/environment/ament_prefix_path.sh
-- Symlinking: /app/ros_ws/src/tello-ros2/workspace/install/tello_control/share/tello_control/environment/ament_prefix_path.dsv
-- Symlinking: /app/ros_ws/src/tello-ros2/workspace/install/tello_control/share/tello_control/environment/path.sh
-- Symlinking: /app/ros_ws/src/tello-ros2/workspace/install/tello_control/share/tello_control/environment/path.dsv
-- Symlinking: /app/ros_ws/src/tello-ros2/workspace/install/tello_control/share/tello_control/local_setup.bash
-- Symlinking: /app/ros_ws/src/tello-ros2/workspace/install/tello_control/share/tello_control/local_setup.sh
-- Symlinking: /app/ros_ws/src/tello-ros2/workspace/install/tello_control/share/tello_control/local_setup.zsh
-- Symlinking: /app/ros_ws/src/tello-ros2/workspace/install/tello_control/share/tello_control/local_setup.dsv
-- Symlinking: /app/ros_ws/src/tello-ros2/workspace/install/tello_control/share/tello_control/package.dsv
-- Symlinking: /app/ros_ws/src/tello-ros2/workspace/install/tello_control/share/ament_index/resource_index/packages/tello_control
-- Symlinking: /app/ros_ws/src/tello-ros2/workspace/install/tello_control/share/tello_control/cmake/tello_controlConfig.cmake
-- Symlinking: /app/ros_ws/src/tello-ros2/workspace/install/tello_control/share/tello_control/cmake/tello_controlConfig-version.cmake
-- Symlinking: /app/ros_ws/src/tello-ros2/workspace/install/tello_control/share/tello_control/package.xml
