[0.237s] DEBUG:colcon:Command line arguments: ['/usr/bin/colcon', 'build', '--symlink-install', '--packages-select', 'tello', 'tello_control', 'tello_msg']
[0.237s] DEBUG:colcon:Parsed command line arguments: Namespace(ament_cmake_args=None, base_paths=['.'], build_base='build', catkin_cmake_args=None, catkin_skip_building_tests=False, cmake_args=None, cmake_clean_cache=False, cmake_clean_first=False, cmake_force_configure=False, cmake_target=None, cmake_target_skip_unavailable=False, continue_on_error=False, event_handlers=None, executor='parallel', ignore_user_meta=False, install_base='install', log_base=None, log_level=None, main=<bound method BuildVerb.main of <colcon_core.verb.build.BuildVerb object at 0x7fbdd241e5b0>>, merge_install=False, metas=['./colcon.meta'], mixin=None, mixin_files=None, mixin_verb=('build',), packages_above=None, packages_above_and_dependencies=None, packages_above_depth=None, packages_end=None, packages_ignore=None, packages_ignore_regex=None, packages_select=['tello', 'tello_control', 'tello_msg'], packages_select_build_failed=False, packages_select_by_dep=None, packages_select_regex=None, packages_select_test_failures=False, packages_skip=None, packages_skip_build_finished=False, packages_skip_by_dep=None, packages_skip_regex=None, packages_skip_test_passed=False, packages_skip_up_to=None, packages_start=None, packages_up_to=None, packages_up_to_regex=None, parallel_workers=16, paths=None, symlink_install=True, test_result_base=None, verb_extension=<colcon_core.verb.build.BuildVerb object at 0x7fbdd241e5b0>, verb_name='build', verb_parser=<colcon_mixin.mixin.mixin_argument.MixinArgumentDecorator object at 0x7fbdd241ec10>)
[0.272s] Level 1:colcon.colcon_core.package_discovery:discover_packages(colcon_meta) check parameters
[0.273s] INFO:colcon.colcon_metadata.package_discovery.colcon_meta:Using configuration from '/root/.colcon/metadata/default/Gazebo.meta'
[0.274s] INFO:colcon.colcon_metadata.package_discovery.colcon_meta:Using configuration from '/root/.colcon/metadata/default/fastrtps.meta'
[0.275s] Level 1:colcon.colcon_core.package_discovery:discover_packages(recursive) check parameters
[0.276s] Level 1:colcon.colcon_core.package_discovery:discover_packages(ignore) check parameters
[0.276s] Level 1:colcon.colcon_core.package_discovery:discover_packages(path) check parameters
[0.276s] Level 1:colcon.colcon_core.package_discovery:discover_packages(colcon_meta) discover
[0.277s] Level 1:colcon.colcon_core.package_discovery:discover_packages(recursive) discover
[0.277s] INFO:colcon.colcon_core.package_discovery:Crawling recursively for packages in '/app/ros_ws/src/tello-ros2/workspace'
[0.279s] Level 1:colcon.colcon_core.package_identification:_identify(.) by extensions ['ignore', 'ignore_ament_install']
[0.279s] Level 1:colcon.colcon_core.package_identification:_identify(.) by extension 'ignore'
[0.280s] Level 1:colcon.colcon_core.package_identification:_identify(.) by extension 'ignore_ament_install'
[0.281s] Level 1:colcon.colcon_core.package_identification:_identify(.) by extensions ['colcon_pkg']
[0.281s] Level 1:colcon.colcon_core.package_identification:_identify(.) by extension 'colcon_pkg'
[0.282s] Level 1:colcon.colcon_core.package_identification:_identify(.) by extensions ['colcon_meta']
[0.282s] Level 1:colcon.colcon_core.package_identification:_identify(.) by extension 'colcon_meta'
[0.282s] Level 1:colcon.colcon_core.package_identification:_identify(.) by extensions ['ros']
[0.282s] Level 1:colcon.colcon_core.package_identification:_identify(.) by extension 'ros'
[0.300s] Level 1:colcon.colcon_core.package_identification:_identify(.) by extensions ['cmake', 'python']
[0.300s] Level 1:colcon.colcon_core.package_identification:_identify(.) by extension 'cmake'
[0.301s] Level 1:colcon.colcon_core.package_identification:_identify(.) by extension 'python'
[0.302s] Level 1:colcon.colcon_core.package_identification:_identify(.) by extensions ['python_setup_py']
[0.302s] Level 1:colcon.colcon_core.package_identification:_identify(.) by extension 'python_setup_py'
[0.306s] Level 1:colcon.colcon_core.package_identification:_identify(build) by extensions ['ignore', 'ignore_ament_install']
[0.307s] Level 1:colcon.colcon_core.package_identification:_identify(build) by extension 'ignore'
[0.309s] Level 1:colcon.colcon_core.package_identification:_identify(build) ignored
[0.312s] Level 1:colcon.colcon_core.package_identification:_identify(install) by extensions ['ignore', 'ignore_ament_install']
[0.312s] Level 1:colcon.colcon_core.package_identification:_identify(install) by extension 'ignore'
[0.314s] Level 1:colcon.colcon_core.package_identification:_identify(install) ignored
[0.319s] Level 1:colcon.colcon_core.package_identification:_identify(log) by extensions ['ignore', 'ignore_ament_install']
[0.319s] Level 1:colcon.colcon_core.package_identification:_identify(log) by extension 'ignore'
[0.320s] Level 1:colcon.colcon_core.package_identification:_identify(log) ignored
[0.323s] Level 1:colcon.colcon_core.package_identification:_identify(src) by extensions ['ignore', 'ignore_ament_install']
[0.324s] Level 1:colcon.colcon_core.package_identification:_identify(src) by extension 'ignore'
[0.325s] Level 1:colcon.colcon_core.package_identification:_identify(src) by extension 'ignore_ament_install'
[0.327s] Level 1:colcon.colcon_core.package_identification:_identify(src) by extensions ['colcon_pkg']
[0.327s] Level 1:colcon.colcon_core.package_identification:_identify(src) by extension 'colcon_pkg'
[0.328s] Level 1:colcon.colcon_core.package_identification:_identify(src) by extensions ['colcon_meta']
[0.328s] Level 1:colcon.colcon_core.package_identification:_identify(src) by extension 'colcon_meta'
[0.329s] Level 1:colcon.colcon_core.package_identification:_identify(src) by extensions ['ros']
[0.330s] Level 1:colcon.colcon_core.package_identification:_identify(src) by extension 'ros'
[0.334s] Level 1:colcon.colcon_core.package_identification:_identify(src) by extensions ['cmake', 'python']
[0.334s] Level 1:colcon.colcon_core.package_identification:_identify(src) by extension 'cmake'
[0.335s] Level 1:colcon.colcon_core.package_identification:_identify(src) by extension 'python'
[0.336s] Level 1:colcon.colcon_core.package_identification:_identify(src) by extensions ['python_setup_py']
[0.336s] Level 1:colcon.colcon_core.package_identification:_identify(src) by extension 'python_setup_py'
[0.342s] Level 1:colcon.colcon_core.package_identification:_identify(src/__pycache__) by extensions ['ignore', 'ignore_ament_install']
[0.342s] Level 1:colcon.colcon_core.package_identification:_identify(src/__pycache__) by extension 'ignore'
[0.344s] Level 1:colcon.colcon_core.package_identification:_identify(src/__pycache__) by extension 'ignore_ament_install'
[0.347s] Level 1:colcon.colcon_core.package_identification:_identify(src/__pycache__) by extensions ['colcon_pkg']
[0.347s] Level 1:colcon.colcon_core.package_identification:_identify(src/__pycache__) by extension 'colcon_pkg'
[0.348s] Level 1:colcon.colcon_core.package_identification:_identify(src/__pycache__) by extensions ['colcon_meta']
[0.349s] Level 1:colcon.colcon_core.package_identification:_identify(src/__pycache__) by extension 'colcon_meta'
[0.351s] Level 1:colcon.colcon_core.package_identification:_identify(src/__pycache__) by extensions ['ros']
[0.351s] Level 1:colcon.colcon_core.package_identification:_identify(src/__pycache__) by extension 'ros'
[0.358s] Level 1:colcon.colcon_core.package_identification:_identify(src/__pycache__) by extensions ['cmake', 'python']
[0.358s] Level 1:colcon.colcon_core.package_identification:_identify(src/__pycache__) by extension 'cmake'
[0.360s] Level 1:colcon.colcon_core.package_identification:_identify(src/__pycache__) by extension 'python'
[0.362s] Level 1:colcon.colcon_core.package_identification:_identify(src/__pycache__) by extensions ['python_setup_py']
[0.362s] Level 1:colcon.colcon_core.package_identification:_identify(src/__pycache__) by extension 'python_setup_py'
[0.370s] Level 1:colcon.colcon_core.package_identification:_identify(src/tello) by extensions ['ignore', 'ignore_ament_install']
[0.370s] Level 1:colcon.colcon_core.package_identification:_identify(src/tello) by extension 'ignore'
[0.372s] Level 1:colcon.colcon_core.package_identification:_identify(src/tello) by extension 'ignore_ament_install'
[0.375s] Level 1:colcon.colcon_core.package_identification:_identify(src/tello) by extensions ['colcon_pkg']
[0.375s] Level 1:colcon.colcon_core.package_identification:_identify(src/tello) by extension 'colcon_pkg'
[0.377s] Level 1:colcon.colcon_core.package_identification:_identify(src/tello) by extensions ['colcon_meta']
[0.377s] Level 1:colcon.colcon_core.package_identification:_identify(src/tello) by extension 'colcon_meta'
[0.379s] Level 1:colcon.colcon_core.package_identification:_identify(src/tello) by extensions ['ros']
[0.380s] Level 1:colcon.colcon_core.package_identification:_identify(src/tello) by extension 'ros'
[0.397s] DEBUG:colcon.colcon_core.package_identification:Package 'src/tello' with type 'ros.ament_python' and name 'tello'
[0.403s] Level 1:colcon.colcon_core.package_identification:_identify(src/tello_control) by extensions ['ignore', 'ignore_ament_install']
[0.404s] Level 1:colcon.colcon_core.package_identification:_identify(src/tello_control) by extension 'ignore'
[0.405s] Level 1:colcon.colcon_core.package_identification:_identify(src/tello_control) by extension 'ignore_ament_install'
[0.409s] Level 1:colcon.colcon_core.package_identification:_identify(src/tello_control) by extensions ['colcon_pkg']
[0.409s] Level 1:colcon.colcon_core.package_identification:_identify(src/tello_control) by extension 'colcon_pkg'
[0.411s] Level 1:colcon.colcon_core.package_identification:_identify(src/tello_control) by extensions ['colcon_meta']
[0.411s] Level 1:colcon.colcon_core.package_identification:_identify(src/tello_control) by extension 'colcon_meta'
[0.413s] Level 1:colcon.colcon_core.package_identification:_identify(src/tello_control) by extensions ['ros']
[0.413s] Level 1:colcon.colcon_core.package_identification:_identify(src/tello_control) by extension 'ros'
[0.430s] DEBUG:colcon.colcon_core.package_identification:Package 'src/tello_control' with type 'ros.ament_cmake' and name 'tello_control'
[0.435s] Level 1:colcon.colcon_core.package_identification:_identify(src/tello_msg) by extensions ['ignore', 'ignore_ament_install']
[0.435s] Level 1:colcon.colcon_core.package_identification:_identify(src/tello_msg) by extension 'ignore'
[0.437s] Level 1:colcon.colcon_core.package_identification:_identify(src/tello_msg) by extension 'ignore_ament_install'
[0.440s] Level 1:colcon.colcon_core.package_identification:_identify(src/tello_msg) by extensions ['colcon_pkg']
[0.440s] Level 1:colcon.colcon_core.package_identification:_identify(src/tello_msg) by extension 'colcon_pkg'
[0.442s] Level 1:colcon.colcon_core.package_identification:_identify(src/tello_msg) by extensions ['colcon_meta']
[0.442s] Level 1:colcon.colcon_core.package_identification:_identify(src/tello_msg) by extension 'colcon_meta'
[0.444s] Level 1:colcon.colcon_core.package_identification:_identify(src/tello_msg) by extensions ['ros']
[0.445s] Level 1:colcon.colcon_core.package_identification:_identify(src/tello_msg) by extension 'ros'
[0.461s] DEBUG:colcon.colcon_core.package_identification:Package 'src/tello_msg' with type 'ros.ament_cmake' and name 'tello_msg'
[0.461s] Level 1:colcon.colcon_core.package_discovery:discover_packages(recursive) using defaults
[0.461s] Level 1:colcon.colcon_core.package_discovery:discover_packages(ignore) discover
[0.462s] Level 1:colcon.colcon_core.package_discovery:discover_packages(ignore) using defaults
[0.462s] Level 1:colcon.colcon_core.package_discovery:discover_packages(path) discover
[0.462s] Level 1:colcon.colcon_core.package_discovery:discover_packages(path) using defaults
[0.496s] Level 5:colcon.colcon_core.verb:set package 'tello_control' build argument 'cmake_args' from command line to 'None'
[0.496s] Level 5:colcon.colcon_core.verb:set package 'tello_control' build argument 'cmake_target' from command line to 'None'
[0.497s] Level 5:colcon.colcon_core.verb:set package 'tello_control' build argument 'cmake_target_skip_unavailable' from command line to 'False'
[0.497s] Level 5:colcon.colcon_core.verb:set package 'tello_control' build argument 'cmake_clean_cache' from command line to 'False'
[0.497s] Level 5:colcon.colcon_core.verb:set package 'tello_control' build argument 'cmake_clean_first' from command line to 'False'
[0.498s] Level 5:colcon.colcon_core.verb:set package 'tello_control' build argument 'cmake_force_configure' from command line to 'False'
[0.498s] Level 5:colcon.colcon_core.verb:set package 'tello_control' build argument 'ament_cmake_args' from command line to 'None'
[0.498s] Level 5:colcon.colcon_core.verb:set package 'tello_control' build argument 'catkin_cmake_args' from command line to 'None'
[0.499s] Level 5:colcon.colcon_core.verb:set package 'tello_control' build argument 'catkin_skip_building_tests' from command line to 'False'
[0.499s] DEBUG:colcon.colcon_core.verb:Building package 'tello_control' with the following arguments: {'ament_cmake_args': None, 'build_base': '/app/ros_ws/src/tello-ros2/workspace/build/tello_control', 'catkin_cmake_args': None, 'catkin_skip_building_tests': False, 'cmake_args': None, 'cmake_clean_cache': False, 'cmake_clean_first': False, 'cmake_force_configure': False, 'cmake_target': None, 'cmake_target_skip_unavailable': False, 'install_base': '/app/ros_ws/src/tello-ros2/workspace/install/tello_control', 'merge_install': False, 'path': '/app/ros_ws/src/tello-ros2/workspace/src/tello_control', 'symlink_install': True, 'test_result_base': None}
[0.500s] Level 5:colcon.colcon_core.verb:set package 'tello_msg' build argument 'cmake_args' from command line to 'None'
[0.500s] Level 5:colcon.colcon_core.verb:set package 'tello_msg' build argument 'cmake_target' from command line to 'None'
[0.500s] Level 5:colcon.colcon_core.verb:set package 'tello_msg' build argument 'cmake_target_skip_unavailable' from command line to 'False'
[0.501s] Level 5:colcon.colcon_core.verb:set package 'tello_msg' build argument 'cmake_clean_cache' from command line to 'False'
[0.501s] Level 5:colcon.colcon_core.verb:set package 'tello_msg' build argument 'cmake_clean_first' from command line to 'False'
[0.501s] Level 5:colcon.colcon_core.verb:set package 'tello_msg' build argument 'cmake_force_configure' from command line to 'False'
[0.502s] Level 5:colcon.colcon_core.verb:set package 'tello_msg' build argument 'ament_cmake_args' from command line to 'None'
[0.502s] Level 5:colcon.colcon_core.verb:set package 'tello_msg' build argument 'catkin_cmake_args' from command line to 'None'
[0.502s] Level 5:colcon.colcon_core.verb:set package 'tello_msg' build argument 'catkin_skip_building_tests' from command line to 'False'
[0.502s] DEBUG:colcon.colcon_core.verb:Building package 'tello_msg' with the following arguments: {'ament_cmake_args': None, 'build_base': '/app/ros_ws/src/tello-ros2/workspace/build/tello_msg', 'catkin_cmake_args': None, 'catkin_skip_building_tests': False, 'cmake_args': None, 'cmake_clean_cache': False, 'cmake_clean_first': False, 'cmake_force_configure': False, 'cmake_target': None, 'cmake_target_skip_unavailable': False, 'install_base': '/app/ros_ws/src/tello-ros2/workspace/install/tello_msg', 'merge_install': False, 'path': '/app/ros_ws/src/tello-ros2/workspace/src/tello_msg', 'symlink_install': True, 'test_result_base': None}
[0.503s] Level 5:colcon.colcon_core.verb:set package 'tello' build argument 'cmake_args' from command line to 'None'
[0.504s] Level 5:colcon.colcon_core.verb:set package 'tello' build argument 'cmake_target' from command line to 'None'
[0.504s] Level 5:colcon.colcon_core.verb:set package 'tello' build argument 'cmake_target_skip_unavailable' from command line to 'False'
[0.504s] Level 5:colcon.colcon_core.verb:set package 'tello' build argument 'cmake_clean_cache' from command line to 'False'
[0.504s] Level 5:colcon.colcon_core.verb:set package 'tello' build argument 'cmake_clean_first' from command line to 'False'
[0.505s] Level 5:colcon.colcon_core.verb:set package 'tello' build argument 'cmake_force_configure' from command line to 'False'
[0.505s] Level 5:colcon.colcon_core.verb:set package 'tello' build argument 'ament_cmake_args' from command line to 'None'
[0.505s] Level 5:colcon.colcon_core.verb:set package 'tello' build argument 'catkin_cmake_args' from command line to 'None'
[0.505s] Level 5:colcon.colcon_core.verb:set package 'tello' build argument 'catkin_skip_building_tests' from command line to 'False'
[0.506s] DEBUG:colcon.colcon_core.verb:Building package 'tello' with the following arguments: {'ament_cmake_args': None, 'build_base': '/app/ros_ws/src/tello-ros2/workspace/build/tello', 'catkin_cmake_args': None, 'catkin_skip_building_tests': False, 'cmake_args': None, 'cmake_clean_cache': False, 'cmake_clean_first': False, 'cmake_force_configure': False, 'cmake_target': None, 'cmake_target_skip_unavailable': False, 'install_base': '/app/ros_ws/src/tello-ros2/workspace/install/tello', 'merge_install': False, 'path': '/app/ros_ws/src/tello-ros2/workspace/src/tello', 'symlink_install': True, 'test_result_base': None}
[0.506s] INFO:colcon.colcon_core.executor:Executing jobs using 'parallel' executor
[0.509s] DEBUG:colcon.colcon_parallel_executor.executor.parallel:run_until_complete
[0.510s] INFO:colcon.colcon_ros.task.ament_cmake.build:Building ROS package in '/app/ros_ws/src/tello-ros2/workspace/src/tello_msg' with build type 'ament_cmake'
[0.510s] INFO:colcon.colcon_cmake.task.cmake.build:Building CMake package in '/app/ros_ws/src/tello-ros2/workspace/src/tello_msg'
[0.515s] INFO:colcon.colcon_core.plugin_system:Skipping extension 'colcon_core.shell.bat': Not used on non-Windows systems
[0.515s] INFO:colcon.colcon_core.shell:Skip shell extension 'powershell' for command environment: Not usable outside of PowerShell
[0.516s] DEBUG:colcon.colcon_core.shell:Skip shell extension 'dsv' for command environment
[0.529s] INFO:colcon.colcon_ros.task.ament_cmake.build:Building ROS package in '/app/ros_ws/src/tello-ros2/workspace/src/tello_control' with build type 'ament_cmake'
[0.530s] INFO:colcon.colcon_cmake.task.cmake.build:Building CMake package in '/app/ros_ws/src/tello-ros2/workspace/src/tello_control'
[0.532s] INFO:colcon.colcon_core.shell:Skip shell extension 'powershell' for command environment: Not usable outside of PowerShell
[0.532s] DEBUG:colcon.colcon_core.shell:Skip shell extension 'dsv' for command environment
[0.580s] DEBUG:colcon.colcon_core.event_handler.log_command:Invoking command in '/app/ros_ws/src/tello-ros2/workspace/build/tello_msg': CMAKE_PREFIX_PATH=/opt/ros/foxy /usr/bin/cmake /app/ros_ws/src/tello-ros2/workspace/src/tello_msg -DAMENT_CMAKE_SYMLINK_INSTALL=1 -DCMAKE_INSTALL_PREFIX=/app/ros_ws/src/tello-ros2/workspace/install/tello_msg
[0.602s] DEBUG:colcon.colcon_core.event_handler.log_command:Invoking command in '/app/ros_ws/src/tello-ros2/workspace/build/tello_control': CMAKE_PREFIX_PATH=/opt/ros/foxy /usr/bin/cmake /app/ros_ws/src/tello-ros2/workspace/src/tello_control -DAMENT_CMAKE_SYMLINK_INSTALL=1 -DCMAKE_INSTALL_PREFIX=/app/ros_ws/src/tello-ros2/workspace/install/tello_control
[11.141s] DEBUG:colcon.colcon_core.event_handler.log_command:Invoked command in '/app/ros_ws/src/tello-ros2/workspace/build/tello_control' returned '0': CMAKE_PREFIX_PATH=/opt/ros/foxy /usr/bin/cmake /app/ros_ws/src/tello-ros2/workspace/src/tello_control -DAMENT_CMAKE_SYMLINK_INSTALL=1 -DCMAKE_INSTALL_PREFIX=/app/ros_ws/src/tello-ros2/workspace/install/tello_control
[11.160s] DEBUG:colcon.colcon_core.event_handler.log_command:Invoking command in '/app/ros_ws/src/tello-ros2/workspace/build/tello_control': CMAKE_PREFIX_PATH=/opt/ros/foxy /usr/bin/cmake --build /app/ros_ws/src/tello-ros2/workspace/build/tello_control -- -j16 -l16
[20.097s] DEBUG:colcon.colcon_core.event_handler.log_command:Invoked command in '/app/ros_ws/src/tello-ros2/workspace/build/tello_msg' returned '0': CMAKE_PREFIX_PATH=/opt/ros/foxy /usr/bin/cmake /app/ros_ws/src/tello-ros2/workspace/src/tello_msg -DAMENT_CMAKE_SYMLINK_INSTALL=1 -DCMAKE_INSTALL_PREFIX=/app/ros_ws/src/tello-ros2/workspace/install/tello_msg
[20.118s] DEBUG:colcon.colcon_core.event_handler.log_command:Invoking command in '/app/ros_ws/src/tello-ros2/workspace/build/tello_msg': CMAKE_PREFIX_PATH=/opt/ros/foxy /usr/bin/cmake --build /app/ros_ws/src/tello-ros2/workspace/build/tello_msg -- -j16 -l16
[30.399s] DEBUG:colcon.colcon_core.event_handler.log_command:Invoked command in '/app/ros_ws/src/tello-ros2/workspace/build/tello_control' returned '0': CMAKE_PREFIX_PATH=/opt/ros/foxy /usr/bin/cmake --build /app/ros_ws/src/tello-ros2/workspace/build/tello_control -- -j16 -l16
[30.492s] DEBUG:colcon.colcon_core.event_handler.log_command:Invoking command in '/app/ros_ws/src/tello-ros2/workspace/build/tello_control': CMAKE_PREFIX_PATH=/opt/ros/foxy /usr/bin/cmake --install /app/ros_ws/src/tello-ros2/workspace/build/tello_control
[31.772s] Level 1:colcon.colcon_core.environment:create_environment_scripts_only(tello_control)
[31.775s] DEBUG:colcon.colcon_core.event_handler.log_command:Invoked command in '/app/ros_ws/src/tello-ros2/workspace/build/tello_control' returned '0': CMAKE_PREFIX_PATH=/opt/ros/foxy /usr/bin/cmake --install /app/ros_ws/src/tello-ros2/workspace/build/tello_control
[31.778s] Level 1:colcon.colcon_core.environment:checking '/app/ros_ws/src/tello-ros2/workspace/install/tello_control' for CMake module files
[31.922s] Level 1:colcon.colcon_core.environment:checking '/app/ros_ws/src/tello-ros2/workspace/install/tello_control' for CMake config files
[32.113s] Level 1:colcon.colcon_core.shell:create_environment_hook('tello_control', 'cmake_prefix_path')
[32.114s] INFO:colcon.colcon_core.shell:Creating environment hook '/app/ros_ws/src/tello-ros2/workspace/install/tello_control/share/tello_control/hook/cmake_prefix_path.ps1'
[32.141s] INFO:colcon.colcon_core.shell:Creating environment descriptor '/app/ros_ws/src/tello-ros2/workspace/install/tello_control/share/tello_control/hook/cmake_prefix_path.dsv'
[32.176s] INFO:colcon.colcon_core.shell:Creating environment hook '/app/ros_ws/src/tello-ros2/workspace/install/tello_control/share/tello_control/hook/cmake_prefix_path.sh'
[32.216s] Level 1:colcon.colcon_core.environment:checking '/app/ros_ws/src/tello-ros2/workspace/install/tello_control/lib'
[32.224s] Level 1:colcon.colcon_core.environment:checking '/app/ros_ws/src/tello-ros2/workspace/install/tello_control/bin'
[32.227s] Level 1:colcon.colcon_core.environment:checking '/app/ros_ws/src/tello-ros2/workspace/install/tello_control/lib/pkgconfig/tello_control.pc'
[32.231s] Level 1:colcon.colcon_core.environment:checking '/app/ros_ws/src/tello-ros2/workspace/install/tello_control/lib/python3.8/site-packages'
[32.235s] Level 1:colcon.colcon_core.environment:checking '/app/ros_ws/src/tello-ros2/workspace/install/tello_control/bin'
[32.239s] INFO:colcon.colcon_core.shell:Creating package script '/app/ros_ws/src/tello-ros2/workspace/install/tello_control/share/tello_control/package.ps1'
[32.262s] INFO:colcon.colcon_core.shell:Creating package descriptor '/app/ros_ws/src/tello-ros2/workspace/install/tello_control/share/tello_control/package.dsv'
[32.293s] INFO:colcon.colcon_core.shell:Creating package script '/app/ros_ws/src/tello-ros2/workspace/install/tello_control/share/tello_control/package.sh'
[32.318s] INFO:colcon.colcon_core.shell:Creating package script '/app/ros_ws/src/tello-ros2/workspace/install/tello_control/share/tello_control/package.bash'
[32.348s] INFO:colcon.colcon_core.shell:Creating package script '/app/ros_ws/src/tello-ros2/workspace/install/tello_control/share/tello_control/package.zsh'
[32.372s] Level 1:colcon.colcon_core.environment:create_file_with_runtime_dependencies(/app/ros_ws/src/tello-ros2/workspace/install/tello_control/share/colcon-core/packages/tello_control)
[32.462s] Level 1:colcon.colcon_core.environment:create_environment_scripts_only(tello_control)
[32.464s] Level 1:colcon.colcon_core.environment:checking '/app/ros_ws/src/tello-ros2/workspace/install/tello_control' for CMake module files
[32.740s] Level 1:colcon.colcon_core.environment:checking '/app/ros_ws/src/tello-ros2/workspace/install/tello_control' for CMake config files
[32.940s] Level 1:colcon.colcon_core.shell:create_environment_hook('tello_control', 'cmake_prefix_path')
[32.942s] INFO:colcon.colcon_core.shell:Creating environment hook '/app/ros_ws/src/tello-ros2/workspace/install/tello_control/share/tello_control/hook/cmake_prefix_path.ps1'
[32.971s] INFO:colcon.colcon_core.shell:Creating environment descriptor '/app/ros_ws/src/tello-ros2/workspace/install/tello_control/share/tello_control/hook/cmake_prefix_path.dsv'
[33.004s] INFO:colcon.colcon_core.shell:Creating environment hook '/app/ros_ws/src/tello-ros2/workspace/install/tello_control/share/tello_control/hook/cmake_prefix_path.sh'
[33.049s] Level 1:colcon.colcon_core.environment:checking '/app/ros_ws/src/tello-ros2/workspace/install/tello_control/lib'
[33.059s] Level 1:colcon.colcon_core.environment:checking '/app/ros_ws/src/tello-ros2/workspace/install/tello_control/bin'
[33.062s] Level 1:colcon.colcon_core.environment:checking '/app/ros_ws/src/tello-ros2/workspace/install/tello_control/lib/pkgconfig/tello_control.pc'
[33.067s] Level 1:colcon.colcon_core.environment:checking '/app/ros_ws/src/tello-ros2/workspace/install/tello_control/lib/python3.8/site-packages'
[33.072s] Level 1:colcon.colcon_core.environment:checking '/app/ros_ws/src/tello-ros2/workspace/install/tello_control/bin'
[33.076s] INFO:colcon.colcon_core.shell:Creating package script '/app/ros_ws/src/tello-ros2/workspace/install/tello_control/share/tello_control/package.ps1'
[33.103s] INFO:colcon.colcon_core.shell:Creating package descriptor '/app/ros_ws/src/tello-ros2/workspace/install/tello_control/share/tello_control/package.dsv'
[33.131s] INFO:colcon.colcon_core.shell:Creating package script '/app/ros_ws/src/tello-ros2/workspace/install/tello_control/share/tello_control/package.sh'
[33.156s] INFO:colcon.colcon_core.shell:Creating package script '/app/ros_ws/src/tello-ros2/workspace/install/tello_control/share/tello_control/package.bash'
[33.187s] INFO:colcon.colcon_core.shell:Creating package script '/app/ros_ws/src/tello-ros2/workspace/install/tello_control/share/tello_control/package.zsh'
[33.214s] Level 1:colcon.colcon_core.environment:create_file_with_runtime_dependencies(/app/ros_ws/src/tello-ros2/workspace/install/tello_control/share/colcon-core/packages/tello_control)
[38.165s] DEBUG:colcon.colcon_core.event_handler.log_command:Invoked command in '/app/ros_ws/src/tello-ros2/workspace/build/tello_msg' returned '0': CMAKE_PREFIX_PATH=/opt/ros/foxy /usr/bin/cmake --build /app/ros_ws/src/tello-ros2/workspace/build/tello_msg -- -j16 -l16
[38.358s] DEBUG:colcon.colcon_core.event_handler.log_command:Invoking command in '/app/ros_ws/src/tello-ros2/workspace/build/tello_msg': CMAKE_PREFIX_PATH=/opt/ros/foxy /usr/bin/cmake --install /app/ros_ws/src/tello-ros2/workspace/build/tello_msg
[46.446s] Level 1:colcon.colcon_core.environment:create_environment_scripts_only(tello_msg)
[46.448s] Level 1:colcon.colcon_core.environment:checking '/app/ros_ws/src/tello-ros2/workspace/install/tello_msg' for CMake module files
[46.449s] DEBUG:colcon.colcon_core.event_handler.log_command:Invoked command in '/app/ros_ws/src/tello-ros2/workspace/build/tello_msg' returned '0': CMAKE_PREFIX_PATH=/opt/ros/foxy /usr/bin/cmake --install /app/ros_ws/src/tello-ros2/workspace/build/tello_msg
[46.789s] Level 1:colcon.colcon_core.environment:checking '/app/ros_ws/src/tello-ros2/workspace/install/tello_msg' for CMake config files
[47.227s] Level 1:colcon.colcon_core.shell:create_environment_hook('tello_msg', 'cmake_prefix_path')
[47.229s] INFO:colcon.colcon_core.shell:Creating environment hook '/app/ros_ws/src/tello-ros2/workspace/install/tello_msg/share/tello_msg/hook/cmake_prefix_path.ps1'
[47.245s] INFO:colcon.colcon_core.shell:Creating environment descriptor '/app/ros_ws/src/tello-ros2/workspace/install/tello_msg/share/tello_msg/hook/cmake_prefix_path.dsv'
[47.262s] INFO:colcon.colcon_core.shell:Creating environment hook '/app/ros_ws/src/tello-ros2/workspace/install/tello_msg/share/tello_msg/hook/cmake_prefix_path.sh'
[47.284s] Level 1:colcon.colcon_core.environment:checking '/app/ros_ws/src/tello-ros2/workspace/install/tello_msg/lib'
[47.289s] Level 1:colcon.colcon_core.shell:create_environment_hook('tello_msg', 'ld_library_path_lib')
[47.291s] INFO:colcon.colcon_core.shell:Creating environment hook '/app/ros_ws/src/tello-ros2/workspace/install/tello_msg/share/tello_msg/hook/ld_library_path_lib.ps1'
[47.307s] INFO:colcon.colcon_core.shell:Creating environment descriptor '/app/ros_ws/src/tello-ros2/workspace/install/tello_msg/share/tello_msg/hook/ld_library_path_lib.dsv'
[47.325s] INFO:colcon.colcon_core.shell:Creating environment hook '/app/ros_ws/src/tello-ros2/workspace/install/tello_msg/share/tello_msg/hook/ld_library_path_lib.sh'
[47.343s] Level 1:colcon.colcon_core.environment:checking '/app/ros_ws/src/tello-ros2/workspace/install/tello_msg/bin'
[47.345s] Level 1:colcon.colcon_core.environment:checking '/app/ros_ws/src/tello-ros2/workspace/install/tello_msg/lib/pkgconfig/tello_msg.pc'
[47.347s] Level 1:colcon.colcon_core.environment:checking '/app/ros_ws/src/tello-ros2/workspace/install/tello_msg/lib/python3.8/site-packages'
[47.351s] Level 1:colcon.colcon_core.shell:create_environment_hook('tello_msg', 'pythonpath')
[47.352s] INFO:colcon.colcon_core.shell:Creating environment hook '/app/ros_ws/src/tello-ros2/workspace/install/tello_msg/share/tello_msg/hook/pythonpath.ps1'
[47.370s] INFO:colcon.colcon_core.shell:Creating environment descriptor '/app/ros_ws/src/tello-ros2/workspace/install/tello_msg/share/tello_msg/hook/pythonpath.dsv'
[47.387s] INFO:colcon.colcon_core.shell:Creating environment hook '/app/ros_ws/src/tello-ros2/workspace/install/tello_msg/share/tello_msg/hook/pythonpath.sh'
[47.405s] Level 1:colcon.colcon_core.environment:checking '/app/ros_ws/src/tello-ros2/workspace/install/tello_msg/bin'
[47.408s] INFO:colcon.colcon_core.shell:Creating package script '/app/ros_ws/src/tello-ros2/workspace/install/tello_msg/share/tello_msg/package.ps1'
[47.421s] INFO:colcon.colcon_core.shell:Creating package descriptor '/app/ros_ws/src/tello-ros2/workspace/install/tello_msg/share/tello_msg/package.dsv'
[47.442s] INFO:colcon.colcon_core.shell:Creating package script '/app/ros_ws/src/tello-ros2/workspace/install/tello_msg/share/tello_msg/package.sh'
[47.460s] INFO:colcon.colcon_core.shell:Creating package script '/app/ros_ws/src/tello-ros2/workspace/install/tello_msg/share/tello_msg/package.bash'
[47.476s] INFO:colcon.colcon_core.shell:Creating package script '/app/ros_ws/src/tello-ros2/workspace/install/tello_msg/share/tello_msg/package.zsh'
[47.492s] Level 1:colcon.colcon_core.environment:create_file_with_runtime_dependencies(/app/ros_ws/src/tello-ros2/workspace/install/tello_msg/share/colcon-core/packages/tello_msg)
[47.687s] Level 1:colcon.colcon_core.environment:create_environment_scripts_only(tello_msg)
[47.688s] Level 1:colcon.colcon_core.environment:checking '/app/ros_ws/src/tello-ros2/workspace/install/tello_msg' for CMake module files
[48.052s] Level 1:colcon.colcon_core.environment:checking '/app/ros_ws/src/tello-ros2/workspace/install/tello_msg' for CMake config files
[48.582s] Level 1:colcon.colcon_core.shell:create_environment_hook('tello_msg', 'cmake_prefix_path')
[48.584s] INFO:colcon.colcon_core.shell:Creating environment hook '/app/ros_ws/src/tello-ros2/workspace/install/tello_msg/share/tello_msg/hook/cmake_prefix_path.ps1'
[48.605s] INFO:colcon.colcon_core.shell:Creating environment descriptor '/app/ros_ws/src/tello-ros2/workspace/install/tello_msg/share/tello_msg/hook/cmake_prefix_path.dsv'
[48.625s] INFO:colcon.colcon_core.shell:Creating environment hook '/app/ros_ws/src/tello-ros2/workspace/install/tello_msg/share/tello_msg/hook/cmake_prefix_path.sh'
[48.650s] Level 1:colcon.colcon_core.environment:checking '/app/ros_ws/src/tello-ros2/workspace/install/tello_msg/lib'
[48.657s] Level 1:colcon.colcon_core.shell:create_environment_hook('tello_msg', 'ld_library_path_lib')
[48.659s] INFO:colcon.colcon_core.shell:Creating environment hook '/app/ros_ws/src/tello-ros2/workspace/install/tello_msg/share/tello_msg/hook/ld_library_path_lib.ps1'
[48.679s] INFO:colcon.colcon_core.shell:Creating environment descriptor '/app/ros_ws/src/tello-ros2/workspace/install/tello_msg/share/tello_msg/hook/ld_library_path_lib.dsv'
[48.701s] INFO:colcon.colcon_core.shell:Creating environment hook '/app/ros_ws/src/tello-ros2/workspace/install/tello_msg/share/tello_msg/hook/ld_library_path_lib.sh'
[48.722s] Level 1:colcon.colcon_core.environment:checking '/app/ros_ws/src/tello-ros2/workspace/install/tello_msg/bin'
[48.723s] Level 1:colcon.colcon_core.environment:checking '/app/ros_ws/src/tello-ros2/workspace/install/tello_msg/lib/pkgconfig/tello_msg.pc'
[48.726s] Level 1:colcon.colcon_core.environment:checking '/app/ros_ws/src/tello-ros2/workspace/install/tello_msg/lib/python3.8/site-packages'
[48.730s] Level 1:colcon.colcon_core.shell:create_environment_hook('tello_msg', 'pythonpath')
[48.732s] INFO:colcon.colcon_core.shell:Creating environment hook '/app/ros_ws/src/tello-ros2/workspace/install/tello_msg/share/tello_msg/hook/pythonpath.ps1'
[48.753s] INFO:colcon.colcon_core.shell:Creating environment descriptor '/app/ros_ws/src/tello-ros2/workspace/install/tello_msg/share/tello_msg/hook/pythonpath.dsv'
[48.772s] INFO:colcon.colcon_core.shell:Creating environment hook '/app/ros_ws/src/tello-ros2/workspace/install/tello_msg/share/tello_msg/hook/pythonpath.sh'
[48.793s] Level 1:colcon.colcon_core.environment:checking '/app/ros_ws/src/tello-ros2/workspace/install/tello_msg/bin'
[48.796s] INFO:colcon.colcon_core.shell:Creating package script '/app/ros_ws/src/tello-ros2/workspace/install/tello_msg/share/tello_msg/package.ps1'
[48.814s] INFO:colcon.colcon_core.shell:Creating package descriptor '/app/ros_ws/src/tello-ros2/workspace/install/tello_msg/share/tello_msg/package.dsv'
[48.832s] INFO:colcon.colcon_core.shell:Creating package script '/app/ros_ws/src/tello-ros2/workspace/install/tello_msg/share/tello_msg/package.sh'
[48.850s] INFO:colcon.colcon_core.shell:Creating package script '/app/ros_ws/src/tello-ros2/workspace/install/tello_msg/share/tello_msg/package.bash'
[48.866s] INFO:colcon.colcon_core.shell:Creating package script '/app/ros_ws/src/tello-ros2/workspace/install/tello_msg/share/tello_msg/package.zsh'
[48.883s] Level 1:colcon.colcon_core.environment:create_file_with_runtime_dependencies(/app/ros_ws/src/tello-ros2/workspace/install/tello_msg/share/colcon-core/packages/tello_msg)
[48.897s] INFO:colcon.colcon_ros.task.ament_python.build:Building ROS package in '/app/ros_ws/src/tello-ros2/workspace/src/tello' with build type 'ament_python'
[48.897s] Level 1:colcon.colcon_core.shell:create_environment_hook('tello', 'ament_prefix_path')
[48.899s] INFO:colcon.colcon_core.shell:Creating environment hook '/app/ros_ws/src/tello-ros2/workspace/install/tello/share/tello/hook/ament_prefix_path.ps1'
[48.928s] INFO:colcon.colcon_core.shell:Creating environment descriptor '/app/ros_ws/src/tello-ros2/workspace/install/tello/share/tello/hook/ament_prefix_path.dsv'
[48.949s] INFO:colcon.colcon_core.shell:Creating environment hook '/app/ros_ws/src/tello-ros2/workspace/install/tello/share/tello/hook/ament_prefix_path.sh'
[48.972s] INFO:colcon.colcon_core.shell:Skip shell extension 'powershell' for command environment: Not usable outside of PowerShell
[48.972s] DEBUG:colcon.colcon_core.shell:Skip shell extension 'dsv' for command environment
[49.985s] INFO:colcon.colcon_core.task.python.build:Building Python package in '/app/ros_ws/src/tello-ros2/workspace/src/tello'
[49.987s] INFO:colcon.colcon_core.shell:Skip shell extension 'powershell' for command environment: Not usable outside of PowerShell
[49.987s] DEBUG:colcon.colcon_core.shell:Skip shell extension 'dsv' for command environment
[52.697s] DEBUG:colcon.colcon_core.event_handler.log_command:Invoking command in '/app/ros_ws/src/tello-ros2/workspace/build/tello': AMENT_PREFIX_PATH=/app/ros_ws/src/tello-ros2/workspace/install/tello_msg:${AMENT_PREFIX_PATH} CMAKE_PREFIX_PATH=/app/ros_ws/src/tello-ros2/workspace/install/tello_msg LD_LIBRARY_PATH=/app/ros_ws/src/tello-ros2/workspace/install/tello_msg/lib:${LD_LIBRARY_PATH} PYTHONPATH=/app/ros_ws/src/tello-ros2/workspace/build/tello/prefix_override:/app/ros_ws/src/tello-ros2/workspace/install/tello/lib/python3.8/site-packages:/app/ros_ws/src/tello-ros2/workspace/install/tello_msg/lib/python3.8/site-packages:${PYTHONPATH} /usr/bin/python3 setup.py develop --editable --build-directory /app/ros_ws/src/tello-ros2/workspace/build/tello/build --no-deps install_data
[55.457s] Level 1:colcon.colcon_core.shell:create_environment_hook('tello', 'pythonpath_develop')
[55.459s] INFO:colcon.colcon_core.shell:Creating environment hook '/app/ros_ws/src/tello-ros2/workspace/build/tello/share/tello/hook/pythonpath_develop.ps1'
[55.460s] DEBUG:colcon.colcon_core.event_handler.log_command:Invoked command in '/app/ros_ws/src/tello-ros2/workspace/build/tello' returned '0': AMENT_PREFIX_PATH=/app/ros_ws/src/tello-ros2/workspace/install/tello_msg:${AMENT_PREFIX_PATH} CMAKE_PREFIX_PATH=/app/ros_ws/src/tello-ros2/workspace/install/tello_msg LD_LIBRARY_PATH=/app/ros_ws/src/tello-ros2/workspace/install/tello_msg/lib:${LD_LIBRARY_PATH} PYTHONPATH=/app/ros_ws/src/tello-ros2/workspace/build/tello/prefix_override:/app/ros_ws/src/tello-ros2/workspace/install/tello/lib/python3.8/site-packages:/app/ros_ws/src/tello-ros2/workspace/install/tello_msg/lib/python3.8/site-packages:${PYTHONPATH} /usr/bin/python3 setup.py develop --editable --build-directory /app/ros_ws/src/tello-ros2/workspace/build/tello/build --no-deps install_data
[55.483s] INFO:colcon.colcon_core.shell:Creating environment descriptor '/app/ros_ws/src/tello-ros2/workspace/build/tello/share/tello/hook/pythonpath_develop.dsv'
[55.503s] INFO:colcon.colcon_core.shell:Creating environment hook '/app/ros_ws/src/tello-ros2/workspace/build/tello/share/tello/hook/pythonpath_develop.sh'
[55.525s] Level 1:colcon.colcon_core.environment:checking '/app/ros_ws/src/tello-ros2/workspace/install/tello' for CMake module files
[55.595s] Level 1:colcon.colcon_core.environment:checking '/app/ros_ws/src/tello-ros2/workspace/install/tello' for CMake config files
[55.695s] Level 1:colcon.colcon_core.environment:checking '/app/ros_ws/src/tello-ros2/workspace/install/tello/lib'
[55.704s] Level 1:colcon.colcon_core.environment:checking '/app/ros_ws/src/tello-ros2/workspace/install/tello/bin'
[55.706s] Level 1:colcon.colcon_core.environment:checking '/app/ros_ws/src/tello-ros2/workspace/install/tello/lib/pkgconfig/tello.pc'
[55.710s] Level 1:colcon.colcon_core.environment:checking '/app/ros_ws/src/tello-ros2/workspace/install/tello/lib/python3.8/site-packages'
[55.716s] Level 1:colcon.colcon_core.shell:create_environment_hook('tello', 'pythonpath')
[55.718s] INFO:colcon.colcon_core.shell:Creating environment hook '/app/ros_ws/src/tello-ros2/workspace/install/tello/share/tello/hook/pythonpath.ps1'
[55.747s] INFO:colcon.colcon_core.shell:Creating environment descriptor '/app/ros_ws/src/tello-ros2/workspace/install/tello/share/tello/hook/pythonpath.dsv'
[55.774s] INFO:colcon.colcon_core.shell:Creating environment hook '/app/ros_ws/src/tello-ros2/workspace/install/tello/share/tello/hook/pythonpath.sh'
[55.799s] Level 1:colcon.colcon_core.environment:checking '/app/ros_ws/src/tello-ros2/workspace/install/tello/bin'
[55.802s] Level 1:colcon.colcon_core.environment:create_environment_scripts_only(tello)
[55.804s] INFO:colcon.colcon_core.shell:Creating package script '/app/ros_ws/src/tello-ros2/workspace/install/tello/share/tello/package.ps1'
[55.824s] INFO:colcon.colcon_core.shell:Creating package descriptor '/app/ros_ws/src/tello-ros2/workspace/install/tello/share/tello/package.dsv'
[55.846s] INFO:colcon.colcon_core.shell:Creating package script '/app/ros_ws/src/tello-ros2/workspace/install/tello/share/tello/package.sh'
[55.868s] INFO:colcon.colcon_core.shell:Creating package script '/app/ros_ws/src/tello-ros2/workspace/install/tello/share/tello/package.bash'
[55.892s] INFO:colcon.colcon_core.shell:Creating package script '/app/ros_ws/src/tello-ros2/workspace/install/tello/share/tello/package.zsh'
[55.914s] Level 1:colcon.colcon_core.environment:create_file_with_runtime_dependencies(/app/ros_ws/src/tello-ros2/workspace/install/tello/share/colcon-core/packages/tello)
[55.931s] DEBUG:colcon.colcon_parallel_executor.executor.parallel:closing loop
[55.932s] DEBUG:colcon.colcon_parallel_executor.executor.parallel:loop closed
[55.933s] DEBUG:colcon.colcon_parallel_executor.executor.parallel:run_until_complete finished with '0'
[55.933s] DEBUG:colcon.colcon_core.event_reactor:joining thread
[55.956s] INFO:colcon.colcon_core.plugin_system:Skipping extension 'colcon_notification.desktop_notification.notify_send': Could not find 'notify-send'
[55.957s] INFO:colcon.colcon_core.plugin_system:Skipping extension 'colcon_notification.desktop_notification.terminal_notifier': Not used on non-Darwin systems
[55.957s] INFO:colcon.colcon_core.plugin_system:Skipping extension 'colcon_notification.desktop_notification.win32': Not used on non-Windows systems
[55.958s] INFO:colcon.colcon_notification.desktop_notification:Sending desktop notification using 'notify2'
[55.963s] DEBUG:colcon.colcon_notification.desktop_notification.notify2:Failed to initialize notify2: org.freedesktop.DBus.Error.ServiceUnknown: The name org.freedesktop.Notifications was not provided by any .service files
[55.964s] DEBUG:colcon.colcon_core.event_reactor:joined thread
[55.966s] INFO:colcon.colcon_core.shell:Creating prefix script '/app/ros_ws/src/tello-ros2/workspace/install/local_setup.ps1'
[55.975s] INFO:colcon.colcon_core.shell:Creating prefix util module '/app/ros_ws/src/tello-ros2/workspace/install/_local_setup_util_ps1.py'
[55.984s] INFO:colcon.colcon_core.shell:Creating prefix chain script '/app/ros_ws/src/tello-ros2/workspace/install/setup.ps1'
[55.993s] INFO:colcon.colcon_core.shell:Creating prefix script '/app/ros_ws/src/tello-ros2/workspace/install/local_setup.sh'
[56.002s] INFO:colcon.colcon_core.shell:Creating prefix util module '/app/ros_ws/src/tello-ros2/workspace/install/_local_setup_util_sh.py'
[56.009s] INFO:colcon.colcon_core.shell:Creating prefix chain script '/app/ros_ws/src/tello-ros2/workspace/install/setup.sh'
[56.019s] INFO:colcon.colcon_core.shell:Creating prefix script '/app/ros_ws/src/tello-ros2/workspace/install/local_setup.bash'
[56.028s] INFO:colcon.colcon_core.shell:Creating prefix chain script '/app/ros_ws/src/tello-ros2/workspace/install/setup.bash'
[56.039s] INFO:colcon.colcon_core.shell:Creating prefix script '/app/ros_ws/src/tello-ros2/workspace/install/local_setup.zsh'
[56.048s] INFO:colcon.colcon_core.shell:Creating prefix chain script '/app/ros_ws/src/tello-ros2/workspace/install/setup.zsh'
